<?xml version="1.0" encoding="UTF-8"?>
<!-- Generated by org.testng.reporters.JUnitReportReporter -->
<testsuite skipped="0" hostname="DESKTOP-2VSJOD1" name="org.amazon.testcase.TC_01" tests="1" failures="0" timestamp="2019-12-14T17:08:01 IST" time="115.680" errors="0">
  <testcase name="checkError" time="115.680" classname="org.amazon.testcase.TC_01"/>
</testsuite> <!-- org.amazon.testcase.TC_01 -->
